
Log started (V20.1.0.0) Fri Oct 15 13:02:33 2021

CPLEX Error  1607: Line 4: Expected '+' or '-', found '['.
No file read.

Selected objective sense:  MINIMIZE
Selected objective  name:  OBJ
Selected RHS        name:  RHS1
Selected bound      name:  BND1

Problem 'prueba.mps' read.
Read time = 0.00 sec. (1.20 ticks)
Version identifier: 20.1.0.0 | 2020-11-10 | 9bedb6d68
Tried aggregator 2 times.
MIQCP Presolve eliminated 928 rows and 462 columns.
MIQCP Presolve modified 1808 coefficients.
Aggregator did 160 substitutions.
Reduced MIQCP has 3265 rows, 1964 columns, and 9560 nonzeros.
Reduced MIQCP has 1486 binaries, 0 generals, 0 SOSs, and 0 indicators.
Reduced MIQCP has 88 quadratic constraints.
Presolve time = 0.03 sec. (11.69 ticks)
Probing fixed 0 vars, tightened 11 bounds.
Probing time = 0.02 sec. (11.75 ticks)
Clique table members: 6796.
MIP emphasis: balance optimality and feasibility.
MIP search method: dynamic search.
Parallel mode: deterministic, using up to 12 threads.
Root relaxation solution time = 0.02 sec. (21.03 ticks)

        Nodes                                         Cuts/
   Node  Left     Objective  IInf  Best Integer    Best Bound    ItCnt     Gap

      0     0      168.6023     0                      0.0000      942         
      0     0      168.6023   119                    Cone: 88     1130         
      0     0      168.6023   121                   Cone: 176     1220         
      0     0      168.6023   122                   Cone: 260     1290         
      0     0      168.6023   122                   Cone: 326     1327         
      0     0      168.6023   122                   Cone: 390     1365         
      0     0      168.6023   122                   Cone: 444     1406         
      0     0      168.6023   122                   Cone: 568     1448         
      0     0      168.6023   120                   Cone: 594     1470         
      0     0      168.6023   120                   Cone: 606     1480         
      0     0      168.6023   120                   Cone: 612     1485         
      0     0      168.6023   120                    168.6023     1485         
      0     0      187.9155    93                   Cuts: 757     1636         
      0     0      197.6836   119                   Cuts: 323     1901         
      0     0      197.6836   116                   Cuts: 184     2025         
      0     0      197.8082   104                    Cuts: 93     2081         
      0     0      198.1604   107                    Cuts: 72     2134         
      0     0      198.2116   102                    Cuts: 60     2153         
*     0+    0                          352.3593      198.2116            43.75%
      0     0      198.3698   123      352.3593      Cuts: 27     2170   43.70%
      0     0      198.7702   117      352.3593       Cuts: 5     2184   43.59%
      0     0      199.6161   106      352.3593      Cuts: 15     2207   43.35%
      0     0      199.6161   109      352.3593      Cuts: 29     2218   43.35%
      0     0      199.8530    60      352.3593      Cuts: 33     2237   43.28%
      0     0      199.8530    97      352.3593     Cuts: 168     2377   43.28%
*     0+    0                          243.0539      199.8530            17.77%
*     0+    0                          240.1763      199.8530            16.79%
      0     2      199.8530    75      240.1763      199.8530     2377   16.79%
Elapsed time = 0.98 sec. (911.13 ticks, tree = 0.02 MB, solutions = 4)
*    16+    4                          237.8457      212.5345            10.64%
*    32+    4                          237.5464      219.3791             7.65%
*    71+    8                          234.4750      219.3791             6.44%
     82    27      231.0737    27      234.4750      219.3791     3911    6.44%
*    85+   17                          232.9990      219.3791             5.85%
*   111+   28                          231.5519      219.3791             5.26%
    171    26      237.0911    16      231.5519      224.6169     3778    3.00%
*   203+   30                          230.9101      224.6169             2.73%
*   232+   28                          230.8757      225.2298             2.45%

Clique cuts applied:  6
Cover cuts applied:  14
Implied bound cuts applied:  55
Flow cuts applied:  16
Mixed integer rounding cuts applied:  32
Zero-half cuts applied:  9
Cone linearizations applied:  696

Root node processing (before b&c):
  Real time             =    0.97 sec. (910.15 ticks)
Parallel b&c, 12 threads:
  Real time             =    0.91 sec. (696.43 ticks)
  Sync time (average)   =    0.31 sec.
  Wait time (average)   =    0.00 sec.
                          ------------
Total (root+branch&cut) =    1.88 sec. (1606.58 ticks)

Solution pool: 32 solutions saved.

MIP - Integer optimal, tolerance (0.0001/1e-06):  Objective =  2.3087569805e+02
Current MIP best bound =  2.3086558016e+02 (gap = 0.0101179, 0.00%)
Solution time =    1.88 sec.  Iterations = 6502  Nodes = 250 (5)
Deterministic time = 1606.59 ticks  (856.85 ticks/sec)


Selected objective sense:  MINIMIZE
Selected objective  name:  OBJ
Selected RHS        name:  RHS1
Selected bound      name:  BND1

Problem 'prueba.mps' read.
Read time = 0.44 sec. (94.47 ticks)
Version identifier: 20.1.0.0 | 2020-11-10 | 9bedb6d68
Tried aggregator 3 times.
MIQCP Presolve eliminated 52423 rows and 21908 columns.
MIQCP Presolve added 1028 rows and 0 columns.
MIQCP Presolve modified 103662 coefficients.
Aggregator did 11530 substitutions.
Reduced MIQCP has 119250 rows, 63392 columns, and 363440 nonzeros.
Reduced MIQCP has 59478 binaries, 0 generals, 0 SOSs, and 0 indicators.
Reduced MIQCP has 598 quadratic constraints.
Presolve time = 0.81 sec. (591.88 ticks)
Probing fixed 40 vars, tightened 12 bounds.
Probing time = 3.53 sec. (361.82 ticks)
Clique table members: 245271.
MIP emphasis: balance optimality and feasibility.
MIP search method: dynamic search.
Parallel mode: deterministic, using up to 12 threads.
Root relaxation solution time = 6.77 sec. (15279.33 ticks)

        Nodes                                         Cuts/
   Node  Left     Objective  IInf  Best Integer    Best Bound    ItCnt     Gap

      0     0      279.9044     0                      0.0000    43698         
      0     0      279.9044   990                   Cone: 598    44799         
      0     0      279.9044   999                  Cone: 1048    45284         
      0     0      279.9044  1008                  Cone: 1288    45535         
      0     0      279.9044  1001                  Cone: 1364    45600         
      0     0      279.9044  1015                  Cone: 1414    45634         
      0     0      279.9044  1008                  Cone: 1442    45659         
      0     0      279.9044  1012                  Cone: 2062    45690         
      0     0      279.9044  1012                  Cone: 2082    45695         
      0     0      279.9044  1012                  Cone: 2100    45699         
      0     0      279.9044  1012                  Cone: 2116    45700         
      0     0      279.9044  1012                    279.9044    45700         
      0     0      284.1781   926                   Cuts: 996    46518         
      0     0      316.9705   829                  Cuts: 3448    47930         
      0     0      321.4184   942                  Cuts: 1823    48791         
      0     0      334.5208   915                   Cuts: 941    49248         
      0     0      341.1056   984                   Cuts: 855    49652         
      0     0      341.9563   901                  Cuts: 1006    50036         
      0     0      342.7104   891                   Cuts: 614    50338         
      0     0      343.6871   824                   Cuts: 682    50650         
      0     0      344.7765   855                   Cuts: 530    51044         
      0     0      345.0694   822                   Cuts: 629    51333         
      0     0      345.4718   808                   Cuts: 424    51598         
      0     0      345.7789   850                   Cuts: 530    51828         
      0     0      345.8307   767                   Cuts: 207    51959         
      0     0      347.3714   750                   Cuts: 127    52108         
      0     0      347.5946   783                   Cuts: 229    52234         
      0     0      347.6205   660                   Cuts: 642    52326         
      0     0      348.3350   686                    Cuts: 81    52407         
      0     0      348.6332   684                   Cuts: 171    52541         
      0     0      348.6460   678                    Cuts: 57    52842         
      0     0      348.6465   436                   Cuts: 178    52930         
      0     0      348.6465   436                   Cuts: 712    53169         
      0     2      348.6465   407                    348.6465    53169         
Elapsed time = 94.11 sec. (120458.95 ticks, tree = 0.02 MB, solutions = 0)
      2     4      349.7681   464                    348.7326    53543         
      8     6      356.0927   456                    348.7326    54080         
     14    15      358.4064   480                    348.7326    55432         
     31    26      357.7920   438                    348.7326    57833         
     62    29      365.6811   500                    348.7326    58946         
     80    49      365.0049   514                    348.7326    66929         
     92    85      360.6726   452                    348.7326    85793         
    105    98      365.9560   579                    348.7326   114043         
    125   108      362.2166   498                    348.7326   123144         
    258   212      382.8557   631                    349.3886   143867         
Elapsed time = 115.78 sec. (123820.44 ticks, tree = 8.66 MB, solutions = 0)
    426   355      364.6393   652                    350.1255   159978         
    624   575      370.0790   497                    350.1255   190004         
    829   745      358.6841   638                    350.1255   215116         
   1127   877      401.7696   510                    350.1255   233189         
   1402  1234      376.7658   651                    350.1255   276523         
   1712  1423      391.3401   680                    350.1255   298201         
   1953  1838      390.5061   690                    350.1255   340062         
   2252  1933      399.0128   819                    350.1255   350459         
   2607  2443      402.3250   800                    350.1255   403016         
   2935  2630      403.0460   660                    350.1255   417905         
Elapsed time = 188.28 sec. (133385.76 ticks, tree = 77.27 MB, solutions = 0)
   3236  3032      399.0639   616                    350.1255   447425         
   3579  3238      403.2682   491                    350.1255   457160         
   3983  3804      440.0549   632                    350.1255   497396         
   4342  4120      408.6060   474                    350.1255   518537         
   4598  4419      441.4395   556                    350.1255   544278         
   4944  4603      420.1603   512                    350.1255   558027         
   5344  5041      433.2976   645                    350.1255   596043         
   5682  5326      417.5485   620                    350.1255   620545         
   5985  5774      440.0540   759                    350.1255   643353         
   6321  6100      471.8472   674                    350.1255   662041         
Elapsed time = 259.44 sec. (142952.27 ticks, tree = 178.05 MB, solutions = 0)
   6679  6447      482.9444   696                    350.1255   686287         
   7069  6799      490.4616   691                    350.1255   708173         
   7473  7083      442.9543   530                    350.1255   725829         
   7875  7395      487.5929   757                    350.1255   740915         
   8266  7966      472.7598   603                    350.1255   769429         
   8670  8226      596.1928   643                    350.1255   785739         
   8944  8723      469.0474   521                    350.1255   806327         
   9204  8882      659.0168   581                    350.1255   813575         
   9526  9227      640.4260   681                    350.1255   830612         
   9933  9389      733.2590   507                    350.1255   838853         
Elapsed time = 343.42 sec. (152514.52 ticks, tree = 278.01 MB, solutions = 0)
  10291  9861      860.6228   551                    350.1255   857464         
  10644 10244      874.9103   524                    350.1255   873365         
  10925 10496     1032.4845   269                    350.1255   884653         
  11220 10896      718.4533   557                    350.1255   900271         
  11519 10996      914.8428   495                    350.1255   907030         
  11812 11296      947.6845   448                    350.1255   916686         
  11943 11465     1063.6409   500                    351.1161   921551         
* 12088+11163                         1146.5748      351.1161            69.38%
  12098 11662      414.7146   505     1146.5748      351.1161   943564   69.38%
  12302 11488      428.3599   532     1146.5748      351.1161   971730   69.38%
  12434 11572      372.2802   577     1146.5748      351.7993   989986   69.32%
Elapsed time = 423.91 sec. (162075.26 ticks, tree = 348.56 MB, solutions = 2)
  12492 11637      988.6234   448     1146.5748      351.7993  1004149   69.32%
* 12498+11442                         1145.9400      351.7993            69.30%
  12585 11685      403.0319   515     1145.9400      352.1068  1017217   69.27%
  12674 11755      383.7493   567     1145.9400      354.4558  1035864   69.07%
* 12738+11724                         1144.5843      354.5026            69.03%
  12743 11877      374.7009   535     1144.5843      354.5026  1061429   69.03%
  12862 11928      430.9101   508     1144.5843      354.5026  1076524   69.03%
* 12894+11720                         1143.3829      354.5026            69.00%
* 12915+11919                         1055.7535      354.5026            66.42%
  12966 11969      490.2537   400     1055.7535      354.5026  1088421   66.42%
  13127 11856      451.8328   506     1055.7535      354.5517  1130078   66.42%
  13234 11905      424.4423   433     1055.7535      354.5517  1143593   66.42%
* 13277+11847                          460.2083      354.5517            22.96%
  13338 12021      425.0217   515      460.2083      354.5517  1161680   22.96%
  13457  7213      443.9457   489      460.2083      354.5517  1191484   22.96%
Elapsed time = 495.42 sec. (171703.67 ticks, tree = 214.63 MB, solutions = 8)
  13594  7195      415.2293   544      460.2083      355.2841  1193259   22.80%
  13782  7365      402.1703   624      460.2083      355.4387  1229161   22.77%
  13928  7547      398.0618   501      460.2083      355.4387  1267902   22.77%
  14048  7628      443.4478   507      460.2083      355.4387  1279192   22.77%
  14167  7862      416.7285   472      460.2083      355.4387  1327623   22.77%
  14304  7968      425.6825   466      460.2083      355.4387  1356474   22.77%
  14451  8058      443.1681   473      460.2083      356.3355  1375995   22.57%
  14565  8183      412.4586   539      460.2083      356.3355  1404657   22.57%
  14755  8279      400.7373   520      460.2083      356.3355  1428276   22.57%
  14951  8314      383.5569   584      460.2083      356.3355  1450874   22.57%
Elapsed time = 579.98 sec. (181297.83 ticks, tree = 253.93 MB, solutions = 8)
  15136  8597      442.4196   510      460.2083      356.3355  1489135   22.57%
  15308  8679      386.7480   583      460.2083      356.3355  1517681   22.57%
  15455  8887      403.0158   486      460.2083      356.3355  1556086   22.57%
  15598  9130      420.4779   526      460.2083      356.3355  1623038   22.57%
  15761  9133      403.7856   474      460.2083      357.3536  1612331   22.35%
  15916  9458      405.6797   528      460.2083      357.3536  1687172   22.35%
  16075  9402      407.9783   523      460.2083      357.3536  1683700   22.35%
  16256  9595      419.7011   462      460.2083      357.3536  1715320   22.35%
